[18:57:03] [main/INFO]: Loading Minecraft 26.1.2 with Fabric Loader 0.19.3
[18:57:03] [main/INFO]: Loading 133 mods:
	- badoptimizations 2.4.1
	- bettergrass 1.8.7+fabric.26.1.2
	- blazesdl 0.0.17
	   |-- blazesdl-api 1.0.0
	   |-- org_lwjgl_lwjgl_sdl 3.4.1
	   |-- org_lwjgl_lwjgl_sdl_natives_linux 3.4.1
	   |-- org_lwjgl_lwjgl_sdl_natives_linux_arm32 3.4.1
	   |-- org_lwjgl_lwjgl_sdl_natives_linux_arm64 3.4.1
	   |-- org_lwjgl_lwjgl_sdl_natives_macos 3.4.1
	   |-- org_lwjgl_lwjgl_sdl_natives_macos_arm64 3.4.1
	   |-- org_lwjgl_lwjgl_sdl_natives_windows 3.4.1
	   |-- org_lwjgl_lwjgl_sdl_natives_windows_arm64 3.4.1
	   \-- org_lwjgl_lwjgl_sdl_natives_windows_x86 3.4.1
	- capes 1.5.11+26.1
	- carbon 0.1.0-26.1.2
	- chatpatches 8.0-alpha.10
	- clearwaterlava 1
	- cloth-config 26.1.154
	   \-- cloth-basic-math 0.6.1
	- controlling 26.1.2.4
	- dark-loading-screen 1.6.18
	- debugify 26.1.2.2
	- dontjoinmylobby 1.0.0
	- eg_stop_unloading_my_shaders 1.4.1+26.1.1
	- entityculling 1.10.5
	   |-- transition 1.0.21
	   \-- trender 1.0.15
	- exordium 2.1.1
	- fabric-api 0.153.0+26.1.2
	   |-- fabric-api-base 2.0.3+ece063234c
	   |-- fabric-api-lookup-api-v1 2.0.12+d5a053b64c
	   |-- fabric-biome-api-v1 18.0.5+2fa62b4e4c
	   |-- fabric-block-api-v1 3.0.2+ec56b6014c
	   |-- fabric-block-getter-api-v2 2.0.6+ec56b6014c
	   |-- fabric-command-api-v2 3.0.5+e2bdee784c
	   |-- fabric-content-registries-v0 11.2.1+76b0b6bb4c
	   |-- fabric-convention-tags-v2 4.6.2+4f11f7994c
	   |-- fabric-crash-report-info-v1 1.0.3+9f78a5a84c
	   |-- fabric-creative-tab-api-v1 5.0.11+d871b99e4c
	   |-- fabric-data-attachment-api-v1 2.2.8+44a0bd1d4c
	   |-- fabric-data-generation-api-v1 24.3.1+4ec50a434c
	   |-- fabric-debug-api-v1 1.0.1+c792624d4c
	   |-- fabric-dimensions-v1 5.1.6+9cbf5da54c
	   |-- fabric-entity-events-v1 5.0.2+e2bdee784c
	   |-- fabric-events-interaction-v0 5.2.2+07b380be4c
	   |-- fabric-game-rule-api-v1 4.0.5+d871b99e4c
	   |-- fabric-item-api-v1 14.2.0+a2a3a8914c
	   |-- fabric-key-mapping-api-v1 2.0.4+e2bdee784c
	   |-- fabric-lifecycle-events-v1 4.1.1+df84eb3d4c
	   |-- fabric-loot-api-v3 3.0.12+00a1fba64c
	   |-- fabric-menu-api-v1 2.0.14+d871b99e4c
	   |-- fabric-message-api-v1 7.0.5+dae8ce3e4c
	   |-- fabric-model-loading-api-v1 8.0.9+c80601bb4c
	   |-- fabric-networking-api-v1 6.3.1+554860db4c
	   |-- fabric-object-builder-api-v1 23.0.17+b95dd56e4c
	   |-- fabric-particles-v1 5.0.15+b61fef434c
	   |-- fabric-permission-api-v1 1.0.1+c3369b134c
	   |-- fabric-recipe-api-v1 9.0.16+be4b75ae4c
	   |-- fabric-registry-sync-v0 7.1.0+2fa62b4e4c
	   |-- fabric-renderer-api-v1 13.0.6+c80601bb4c
	   |-- fabric-renderer-indigo 8.1.3+1403e82c4c
	   |-- fabric-rendering-fluids-v1 6.0.1+d871b99e4c
	   |-- fabric-rendering-v1 23.2.0+c9da2e974c
	   |-- fabric-resource-conditions-api-v1 6.1.0+83dd0ba34c
	   |-- fabric-resource-loader-v0 3.3.17+4fc5413f4c
	   |-- fabric-resource-loader-v1 2.0.10+7c44c7324c
	   |-- fabric-screen-api-v1 5.0.2+1ed6f6f64c
	   |-- fabric-serialization-api-v1 2.0.3+11a26f314c
	   |-- fabric-sound-api-v1 2.0.4+11a26f314c
	   |-- fabric-tag-api-v1 2.1.1+371cf5db4c
	   |-- fabric-transfer-api-v1 8.0.6+357ea7334c
	   \-- fabric-transitive-access-wideners-v1 8.1.1+7f80f93d4c
	- fabric-language-kotlin 1.13.12+kotlin.2.4.0
	   |-- org_jetbrains_kotlin_kotlin-reflect 2.4.0
	   |-- org_jetbrains_kotlin_kotlin-stdlib 2.4.0
	   |-- org_jetbrains_kotlin_kotlin-stdlib-jdk7 2.4.0
	   |-- org_jetbrains_kotlin_kotlin-stdlib-jdk8 2.4.0
	   |-- org_jetbrains_kotlinx_atomicfu-jvm 0.33.0
	   |-- org_jetbrains_kotlinx_kotlinx-coroutines-core-jvm 1.11.0
	   |-- org_jetbrains_kotlinx_kotlinx-coroutines-jdk8 1.11.0
	   |-- org_jetbrains_kotlinx_kotlinx-datetime-jvm 0.8.0
	   |-- org_jetbrains_kotlinx_kotlinx-io-bytestring-jvm 0.9.0
	   |-- org_jetbrains_kotlinx_kotlinx-io-core-jvm 0.9.0
	   |-- org_jetbrains_kotlinx_kotlinx-serialization-cbor-jvm 1.11.0
	   |-- org_jetbrains_kotlinx_kotlinx-serialization-core-jvm 1.11.0
	   \-- org_jetbrains_kotlinx_kotlinx-serialization-json-jvm 1.11.0
	- fabricloader 0.19.3
	   \-- mixinextras 0.5.4
	- ferritecore 9.0.0
	- fpsdisplay 5.0.1+26.1.1
	- gammautils 3.0.0
	- hudmanager 4.0.2
	- immediatelyfast 1.15.2+26.1.2
	   \-- net_lenni0451_reflect 1.6.2
	- java 25
	- krypton 0.3.0
	   \-- com_velocitypowered_velocity-native 3.4.0-SNAPSHOT
	- lambdynlights 4.11.0+26.1.2
	   |-- lambdynlights_api 4.11.0+26.1.2
	   |    |-- yumi_commons_collections 2.0.0
	   |    |-- yumi_commons_core 2.0.0
	   |    \-- yumi_commons_event 2.0.0
	   |-- pride 1.6.0+26.1
	   |-- spruceui 10.0.0+26.1
	   \-- yumi_mc_core 1.1.0+26.1
	        |-- yumi_commons_collections 2.0.0
	        |-- yumi_commons_core 2.0.0
	        \-- yumi_commons_event 2.0.0
	- languagereload 1.7.7+26.1.2
	- lithium 0.24.6+mc26.1.2
	- minecraft 26.1.2
	- modmenu 18.0.0-beta.1
	- omnilook 0.2.1
	- packetfixer 3.3.5
	- pingview 1.6
	- placeholder-api 3.0.0+26.1
	- quick-pack 1.3.1
	- searchables 1.0.2
	- simply-no-shading 8.0.0-alpha.6+mc26.1.2
	- sodium 0.9.1-beta.2+mc26.1.2
	   \-- fabric-api-base 2.0.3+ece063234c
	- stfu 2.9.1
	- visuality 0.7.13+26.1
	- whoami 1.4
	- wi_zoom 1.7-MC26.1.2
	- worldedit 7.4.3+7515-78babeb
	   |-- fabric-api-base 2.0.3+ece063234c
	   \-- worldeditcui_protocol 4.0.3
	- worldeditcui 26.1.1+01
	   \-- worldeditcui_protocol 4.0.3
	- yet_another_config_lib_v3 3.9.5+26.1-fabric
	   |-- com_twelvemonkeys_common_common-image 3.12.0
	   |-- com_twelvemonkeys_common_common-io 3.12.0
	   |-- com_twelvemonkeys_common_common-lang 3.12.0
	   |-- com_twelvemonkeys_imageio_imageio-core 3.12.0
	   |-- com_twelvemonkeys_imageio_imageio-metadata 3.12.0
	   |-- com_twelvemonkeys_imageio_imageio-webp 3.12.0
	   |-- org_quiltmc_parsers_gson 0.2.1
	   \-- org_quiltmc_parsers_json 0.2.1
[18:57:03] [main/INFO]: SpongePowered MIXIN Subsystem Version=0.8.7 Source=file:/home/helminth/.var/app/org.prismlauncher.PrismLauncher/data/PrismLauncher/libraries/net/fabricmc/sponge-mixin/0.17.3+mixin.0.8.7/sponge-mixin-0.17.3+mixin.0.8.7.jar Service=Knot/Fabric Env=CLIENT
[18:57:04] [main/INFO]: Compatibility level set to JAVA_17
[18:57:04] [main/INFO]: Compatibility level set to JAVA_21
[18:57:04] [main/INFO]: Compatibility level set to JAVA_25
[18:57:04] [main/INFO]: Config version: 6
[18:57:04] [main/INFO]: BadOptimizations config dump:
[18:57:04] [main/INFO]: enable_toast_optimizations: true
[18:57:04] [main/INFO]: ignore_mod_incompatibilities: false
[18:57:04] [main/INFO]: lightmap_time_change_needed_for_update: 80
[18:57:04] [main/INFO]: enable_lightmap_caching: true
[18:57:04] [main/INFO]: enable_particle_manager_optimization: true
[18:57:04] [main/INFO]: enable_entity_renderer_caching: true
[18:57:04] [main/INFO]: log_config: true
[18:57:04] [main/INFO]: enable_remove_redundant_fov_calculations: true
[18:57:04] [main/INFO]: config_version: 6
[18:57:04] [main/INFO]: enable_sky_angle_caching_in_worldrenderer: true
[18:57:04] [main/INFO]: enable_block_entity_renderer_caching: true
[18:57:04] [main/INFO]: skycolor_time_change_needed_for_update: 3
[18:57:04] [main/INFO]: enable_entity_flag_caching: true
[18:57:04] [main/INFO]: ignore_mod_cache_hooks: false
[18:57:04] [main/INFO]: enable_debug_renderer_disable_if_not_needed: true
[18:57:04] [main/INFO]: enable_sky_color_caching: true
[18:57:04] [main/INFO]: enable_remove_tutorial_if_not_demo: true
[18:57:04] [main/INFO]: show_f3_text: true
[18:57:04] [main/INFO]: Mod gammautils added a lightmap caching hook: io.github.sjouwer.gammautils.compat.BadOptimizationsHook
[18:57:04] [main/WARN]: Reference map 'controlling.refmap.json' for controlling.mixins.json could not be read. If this is a development environment you can ignore this message
[18:57:04] [main/WARN]: Reference map 'entityculling.refmap.mixins.json' for entityculling.mixins.json could not be read. If this is a development environment you can ignore this message
[18:57:04] [main/INFO]: Loaded configuration file for Lithium: 171 options available, 1 override(s) found.
[18:57:04] [main/INFO]: Omnilook mixin plugin detected platform: Fabric
[18:57:04] [main/WARN]: Reference map 'quick-pack.refmap.json' for quick-pack.mixins.json could not be read. If this is a development environment you can ignore this message
[18:57:04] [main/WARN]: Reference map 'searchables.refmap.json' for searchables.mixins.json could not be read. If this is a development environment you can ignore this message
[18:57:04] [main/WARN]: Reference map 'searchables.refmap.json' for searchables.fabric.mixins.json could not be read. If this is a development environment you can ignore this message
[18:57:04] [main/INFO]: Loaded configuration file for Sodium: 36 options available, 0 override(s) found
[18:57:04] [main/WARN]: Reference map 'yet_another_config_lib_v3.refmap.json' for yacl.mixins.json could not be read. If this is a development environment you can ignore this message
[18:57:04] [main/WARN]: Reference map 'yet_another_config_lib_v3.refmap.json' for yacl-fabric.mixins.json could not be read. If this is a development environment you can ignore this message
[18:57:05] [main/INFO]: Force-enabling mixin 'compat.worldedit.LevelChunkMixin' as rule 'mixin.compat.worldedit' (added by mods [lithium]) enables it
[18:57:05] [main/WARN]: Error loading class: me/juancarloscp52/bedrockify/client/features/bedrockShading/BedrockBlockShading (java.lang.ClassNotFoundException: me/juancarloscp52/bedrockify/client/features/bedrockShading/BedrockBlockShading)
[18:57:05] [main/WARN]: Error loading class: net/irisshaders/iris/config/IrisConfig (java.lang.ClassNotFoundException: net/irisshaders/iris/config/IrisConfig)
[18:57:05] [main/WARN]: @Mixin target net.irisshaders.iris.config.IrisConfig was not found simply-no-shading.mixins.json:iris.IrisConfigMixin from mod simply-no-shading
[18:57:05] [main/INFO]: Found mixins: [fabric.CameraMixin, fabric.OptionsMixin, fabric.MouseHandlerMixin]
[18:57:05] [main/INFO]: Searching for graphics cards...
[18:57:05] [main/INFO]: Found graphics adapter: LinuxPciAdapterInfo[vendor=NVIDIA, name=GA107M [GeForce RTX 3050 Ti Mobile], pciVendorId=0x10de, pciDeviceId=0x25a0]
[18:57:05] [main/INFO]: Found graphics adapter: LinuxPciAdapterInfo[vendor=AMD, name=Cezanne [Radeon Vega Series / Radeon Vega Mobile Series], pciVendorId=0x1002, pciDeviceId=0x1638]
[18:57:05] [main/WARN]: Sodium has applied one or more workarounds to prevent crashes or other issues on your system: [NVIDIA_THREADED_OPTIMIZATIONS_BROKEN, NO_ERROR_CONTEXT_UNSUPPORTED]
[18:57:05] [main/WARN]: This is not necessarily an issue, but it may result in certain features or optimizations being disabled. You can sometimes fix these issues by upgrading your graphics driver.
[18:57:05] [main/INFO]: Initializing MixinExtras via com.llamalad7.mixinextras.service.MixinExtrasServiceImpl(version=0.5.4).
[18:57:06] [Datafixer Bootstrap/INFO]: 291 Datafixer optimizations took 362 milliseconds
[18:57:10] [Render thread/INFO]: Environment: Environment[sessionHost=https://sessionserver.mojang.com, servicesHost=https://api.minecraftservices.com, profilesHost=https://api.mojang.com, name=PROD]
[18:57:10] [Render thread/INFO]: Setting user: Mouse3D
[18:57:10] [Render thread/INFO]: Enabled 97 bug fixes: [MC-577, MC-4490, MC-7569, MC-8187, MC-30391, MC-35361, MC-44654, MC-46737, MC-46766, MC-57057, MC-79545, MC-80859, MC-82263, MC-84661, MC-88371, MC-89146, MC-90683, MC-93018, MC-93384, MC-94054, MC-100991, MC-105068, MC-115092, MC-116379, MC-118740, MC-119754, MC-121706, MC-121903, MC-122477, MC-122627, MC-123450, MC-127970, MC-129909, MC-131562, MC-132878, MC-133218, MC-134110, MC-136249, MC-139041, MC-143474, MC-147659, MC-153010, MC-155509, MC-158900, MC-159163, MC-159283, MC-160095, MC-165306, MC-165381, MC-168573, MC-170462, MC-176559, MC-176806, MC-177381, MC-179072, MC-183990, MC-187100, MC-188359, MC-197260, MC-200418, MC-201374, MC-202637, MC-206540, MC-206922, MC-210318, MC-211561, MC-215530, MC-215531, MC-217716, MC-221257, MC-223153, MC-224729, MC-226961, MC-227008, MC-227337, MC-231097, MC-231743, MC-232869, MC-237493, MC-242809, MC-245394, MC-251068, MC-259512, MC-263999, MC-264285, MC-264979, MC-267125, MC-267376, MC-268420, MC-268617, MC-271899, MC-272431, MC-280220, MC-297837, MC-298066, MC-298225, MC-298558]
[18:57:10] [Render thread/INFO]: Successfully Debugify'd your game!
[18:57:10] [Render thread/INFO]: [Stop Unloading My Shaders]: Mod init started. Compiled for fabric
[18:57:11] [Render thread/INFO]: Compression will use libdeflate (Linux x86_64), encryption will use OpenSSL 3.x.x (Linux x86_64)
[18:57:11] [Render thread/INFO]: Packet Fixer 3.3.5 Fabric has been initialized!
[18:57:11] [Render thread/INFO]: Deserializing Config from '/home/helminth/.var/app/org.prismlauncher.PrismLauncher/data/PrismLauncher/instances/26.1.2/minecraft/config/stfu.json5'
[18:57:11] [Render thread/INFO]: [STDOUT]: Starting WI Zoom v1.7-MC26.1.2
[18:57:11] [Render thread/INFO]: Got request to register class com.sk89q.worldedit.fabric.internal.FabricPlatform with WorldEdit [com.sk89q.worldedit.extension.platform.PlatformManager@c7c6607]
[18:57:11] [Render thread/INFO]: WorldEdit for Fabric (version 7.4.3+7515-78babeb) is loaded
[18:57:11] [Render thread/INFO]: [BetterGrassify] [FANCY] Gamers can finally touch grass!?
[18:57:11] [Render thread/INFO]: Trying to read config file...
[18:57:11] [Render thread/INFO]: A config file was found, loading it..
[18:57:11] [Render thread/INFO]: Successfully loaded config file.
[18:57:11] [Render thread/INFO]: Reading...
[18:57:11] [Render thread/WARN]: List codecs for Chat Patches have not been implemented yet! Carry on...
[18:57:11] [Render thread/INFO]: Read config data from '/home/helminth/.var/app/org.prismlauncher.PrismLauncher/data/PrismLauncher/instances/26.1.2/minecraft/config/chatpatches.json'!
[18:57:11] [Render thread/INFO]: [Config.deserialize] Took 0.013 seconds
[18:57:11] [Render thread/INFO]: Finished Chat Patches setup!
[18:57:11] [Render thread/INFO]: [Indigo] Different rendering plugin detected; not applying Indigo.
[18:57:11] [Render thread/INFO]: Krypton is now accelerating your Minecraft client's networking stack 🚀
[18:57:11] [Render thread/INFO]: Note that Krypton is most effective on servers, not the client.
[18:57:11] [Render thread/ERROR]: Mod omnilook provides a broken implementation of ModMenuApi
java.lang.NoClassDefFoundError: io/github/prospector/modmenu/api/ModMenuApi
	at java.base/java.lang.ClassLoader.defineClass1(Native Method)
	at java.base/java.lang.ClassLoader.defineClass(ClassLoader.java:962)
	at java.base/java.security.SecureClassLoader.defineClass(SecureClassLoader.java:144)
	at net.fabricmc.loader.impl.launch.knot.KnotClassLoader.defineClassFwd(KnotClassLoader.java:165)
	at net.fabricmc.loader.impl.launch.knot.KnotClassDelegate.tryLoadClass(KnotClassDelegate.java:368)
	at net.fabricmc.loader.impl.launch.knot.KnotClassDelegate.loadClass(KnotClassDelegate.java:231)
	at net.fabricmc.loader.impl.launch.knot.KnotClassLoader.loadClass(KnotClassLoader.java:119)
	at java.base/java.lang.ClassLoader.loadClass(ClassLoader.java:490)
	at java.base/java.lang.Class.forName0(Native Method)
	at java.base/java.lang.Class.forName(Class.java:547)
	at net.fabricmc.loader.impl.util.DefaultLanguageAdapter.create(DefaultLanguageAdapter.java:53)
	at net.fabricmc.loader.impl.entrypoint.EntrypointStorage$NewEntry.getOrCreate(EntrypointStorage.java:124)
	at net.fabricmc.loader.impl.entrypoint.EntrypointContainerImpl.getEntrypoint(EntrypointContainerImpl.java:53)
	at knot//com.terraformersmc.modmenu.ModMenu.lambda$onInitializeClient$0(ModMenu.java:106)
	at java.base/java.util.ArrayList.forEach(ArrayList.java:1604)
	at knot//com.terraformersmc.modmenu.ModMenu.onInitializeClient(ModMenu.java:101)
	at net.fabricmc.loader.impl.FabricLoaderImpl.invokeEntrypoints(FabricLoaderImpl.java:409)
	at net.fabricmc.loader.impl.game.minecraft.Hooks.startClient(Hooks.java:53)
	at knot//net.minecraft.client.Minecraft.<init>(Minecraft.java:477)
	at knot//net.minecraft.client.main.Main.main(Main.java:232)
	at net.fabricmc.loader.impl.game.minecraft.MinecraftGameProvider.launch(MinecraftGameProvider.java:514)
	at net.fabricmc.loader.impl.launch.knot.Knot.launch(Knot.java:72)
	at net.fabricmc.loader.impl.launch.knot.KnotClient.main(KnotClient.java:23)
	at org.prismlauncher.launcher.impl.StandardLauncher.launch(StandardLauncher.java:115)
	at org.prismlauncher.EntryPoint.listen(EntryPoint.java:129)
	at org.prismlauncher.EntryPoint.main(EntryPoint.java:70)
Caused by: java.lang.ClassNotFoundException: io.github.prospector.modmenu.api.ModMenuApi
	at java.base/jdk.internal.loader.BuiltinClassLoader.loadClass(BuiltinClassLoader.java:580)
	at java.base/java.lang.ClassLoader.loadClass(ClassLoader.java:490)
	at net.fabricmc.loader.impl.launch.knot.KnotClassDelegate.loadClass(KnotClassDelegate.java:239)
	at net.fabricmc.loader.impl.launch.knot.KnotClassLoader.loadClass(KnotClassLoader.java:119)
	at java.base/java.lang.ClassLoader.loadClass(ClassLoader.java:490)
	... 26 more
[18:57:11] [Render thread/INFO]: Checking mod updates...
[18:57:11] [Render thread/INFO]: Omnilook initialized with dev.rdh.omnilook.Fabriclook
[18:57:11] [Omnilook Config Watcher/INFO]: Config loaded: {toggleMode=true}
[18:57:11] [Render thread/INFO]: Simply No Shading is initialized.
[18:57:12] [Render thread/INFO]: [STDOUT]: [TRender] Initializing Client...
[18:57:12] [Render thread/INFO]: Deserializing YACLConfig from '/home/helminth/.var/app/org.prismlauncher.PrismLauncher/data/PrismLauncher/instances/26.1.2/minecraft/config/yacl.json5'
[18:57:12] [Render thread/INFO]: Initializing mods (entrypoint yumi:init)...
[18:57:12] [Render thread/INFO]: [LambDynLights] Initializing LambDynamicLights...
[18:57:12] [Render thread/INFO]: [LambDynLights] Configuration loaded.
[18:57:12] [Render thread/INFO]: Backend library: LWJGL version 3.4.1-snapshot
[18:57:12] [Render thread/INFO]: BlazeSDL: Replacing GlBackend to SDLGlBackend!
[18:57:12] [Render thread/INFO]: Initializing ImmediatelyFast 1.15.2+26.1.2 on AMD Radeon Graphics (radeonsi, renoir, ACO, DRM 3.64, 7.1.2-0-generic) (AMD) with OpenGL 4.6 (Core Profile) Mesa 26.0.8 (git-60e95b7878)
[18:57:12] [Render thread/INFO]: Using optional rendering extensions: GL_ARB_buffer_storage, GL_KHR_debug, GL_ARB_vertex_attrib_binding, GL_ARB_direct_state_access, GL_EXT_texture_filter_anisotropic
[18:57:12] [Render thread/WARN]: Error reading pack metadata, attempting fallback type
com.google.gson.JsonParseException: Pack declares support for version newer than 64, but is missing mandatory fields min_format and max_format
	at knot//com.mojang.serialization.DataResult$Error.getOrThrow(DataResult.java:287)
	at knot//net.minecraft.server.packs.resources.ResourceMetadata$2.getSection(ResourceMetadata.java:40)
	at knot//net.minecraft.server.packs.AbstractPackResources.getMetadataSection(AbstractPackResources.java:26)
	at knot//net.minecraft.server.packs.repository.Pack.readPackMetadata(Pack.java:56)
	at knot//net.minecraft.server.packs.repository.Pack.readMetaAndCreate(Pack.java:41)
	at knot//net.minecraft.server.packs.repository.FolderRepositorySource.lambda$loadPacks$0(FolderRepositorySource.java:63)
	at knot//net.minecraft.server.packs.repository.FolderRepositorySource.discoverPacks(FolderRepositorySource.java:94)
	at knot//net.minecraft.server.packs.repository.FolderRepositorySource.loadPacks(FolderRepositorySource.java:59)
	at knot//net.minecraft.server.packs.repository.PackRepository.discoverAvailable(PackRepository.java:43)
	at knot//net.minecraft.server.packs.repository.PackRepository.reload(PackRepository.java:36)
	at knot//net.minecraft.client.Minecraft.<init>(Minecraft.java:574)
	at knot//net.minecraft.client.main.Main.main(Main.java:232)
	at net.fabricmc.loader.impl.game.minecraft.MinecraftGameProvider.launch(MinecraftGameProvider.java:514)
	at net.fabricmc.loader.impl.launch.knot.Knot.launch(Knot.java:72)
	at net.fabricmc.loader.impl.launch.knot.KnotClient.main(KnotClient.java:23)
	at org.prismlauncher.launcher.impl.StandardLauncher.launch(StandardLauncher.java:115)
	at org.prismlauncher.EntryPoint.listen(EntryPoint.java:129)
	at org.prismlauncher.EntryPoint.main(EntryPoint.java:70)
[18:57:12] [Render thread/INFO]: Found non-pack entry '/home/helminth/.var/app/org.prismlauncher.PrismLauncher/data/PrismLauncher/instances/26.1.2/minecraft/resourcepacks/.index', ignoring
[18:57:12] [Render thread/WARN]: Error reading pack metadata, attempting fallback type
com.google.gson.JsonParseException: Pack declares support for version newer than 64, but is missing mandatory fields min_format and max_format
	at knot//com.mojang.serialization.DataResult$Error.getOrThrow(DataResult.java:287)
	at knot//net.minecraft.server.packs.resources.ResourceMetadata$2.getSection(ResourceMetadata.java:40)
	at knot//net.minecraft.server.packs.AbstractPackResources.getMetadataSection(AbstractPackResources.java:26)
	at knot//net.minecraft.server.packs.repository.Pack.readPackMetadata(Pack.java:56)
	at knot//net.minecraft.server.packs.repository.Pack.readMetaAndCreate(Pack.java:41)
	at knot//net.minecraft.server.packs.repository.FolderRepositorySource.lambda$loadPacks$0(FolderRepositorySource.java:63)
	at knot//net.minecraft.server.packs.repository.FolderRepositorySource.discoverPacks(FolderRepositorySource.java:94)
	at knot//net.minecraft.server.packs.repository.FolderRepositorySource.loadPacks(FolderRepositorySource.java:59)
	at knot//net.minecraft.server.packs.repository.PackRepository.discoverAvailable(PackRepository.java:43)
	at knot//net.minecraft.server.packs.repository.PackRepository.reload(PackRepository.java:36)
	at knot//net.minecraft.client.Minecraft.<init>(Minecraft.java:574)
	at knot//net.minecraft.client.main.Main.main(Main.java:232)
	at net.fabricmc.loader.impl.game.minecraft.MinecraftGameProvider.launch(MinecraftGameProvider.java:514)
	at net.fabricmc.loader.impl.launch.knot.Knot.launch(Knot.java:72)
	at net.fabricmc.loader.impl.launch.knot.KnotClient.main(KnotClient.java:23)
	at org.prismlauncher.launcher.impl.StandardLauncher.launch(StandardLauncher.java:115)
	at org.prismlauncher.EntryPoint.listen(EntryPoint.java:129)
	at org.prismlauncher.EntryPoint.main(EntryPoint.java:70)
[18:57:13] [Render thread/INFO]: Reloading ResourceManager: vanilla, badoptimizations, bettergrass, blazesdl, capes, chatpatches, cloth-config, controlling, dark-loading-screen, debugify, dontjoinmylobby, eg_stop_unloading_my_shaders, entityculling, exordium, fabric-api, fabric-api-base, fabric-api-lookup-api-v1, fabric-biome-api-v1, fabric-block-api-v1, fabric-block-getter-api-v2, fabric-command-api-v2, fabric-content-registries-v0, fabric-convention-tags-v2, fabric-crash-report-info-v1, fabric-creative-tab-api-v1, fabric-data-attachment-api-v1, fabric-data-generation-api-v1, fabric-debug-api-v1, fabric-dimensions-v1, fabric-entity-events-v1, fabric-events-interaction-v0, fabric-game-rule-api-v1, fabric-item-api-v1, fabric-key-mapping-api-v1, fabric-language-kotlin, fabric-lifecycle-events-v1, fabric-loot-api-v3, fabric-menu-api-v1, fabric-message-api-v1, fabric-model-loading-api-v1, fabric-networking-api-v1, fabric-object-builder-api-v1, fabric-particles-v1, fabric-permission-api-v1, fabric-recipe-api-v1, fabric-registry-sync-v0, fabric-renderer-api-v1, fabric-renderer-indigo, fabric-rendering-fluids-v1, fabric-rendering-v1, fabric-resource-conditions-api-v1, fabric-resource-loader-v0, fabric-resource-loader-v1, fabric-screen-api-v1, fabric-serialization-api-v1, fabric-sound-api-v1, fabric-tag-api-v1, fabric-transfer-api-v1, fabric-transitive-access-wideners-v1, fabricloader, fpsdisplay, gammautils, hudmanager, immediatelyfast, krypton, lambdynlights, lambdynlights_api, languagereload, lithium, modmenu, omnilook, pingview, placeholder-api, pride, quick-pack, searchables, simply-no-shading, sodium, spruceui, stfu, trender, visuality, wi_zoom, worldedit, worldeditcui, yet_another_config_lib_v3, file/Faithful 32x - 26.2.zip, file/§8gray §6lava §f§l[32x] §f- §e1.21+§0.zip, file/cubic-sun-moon-v1.8.5.zip, file/KonciPET UI 2.2.1.zip
[18:57:13] [Render thread/INFO]: Deferred 16 startup resource listeners until after first menu ticks: [minecraft:sounds (SoundManager), minecraft:atlas (AtlasManager), minecraft:fonts (FontManager), minecraft:grass_color (GrassColorReloadListener), minecraft:foliage_color (FoliageColorReloadListener), minecraft:dry_foliage_color (DryFoliageColorReloadListener), minecraft:models (ModelManager), minecraft:equipment_assets (EquipmentAssetManager), minecraft:entity_render_dispatcher (EntityRenderDispatcher), minecraft:block_entity_render_dispatcher (BlockEntityRenderDispatcher), minecraft:particles (ParticleResources), minecraft:waypoint_style (WaypointStyleManager), minecraft:private/levelrenderer (LevelRenderer), minecraft:cloud_renderer (CloudRenderer), minecraft:private/gpuwarnlistmanager (GpuWarnlistManager), minecraft:private/periodicnotificationmanager (PeriodicNotificationManager)]
[18:57:13] [Render thread/INFO]: Thread[#3,Render thread,10,main]
[18:57:13] [Render thread/INFO]: OpenGL Vendor: AMD
[18:57:13] [Render thread/INFO]: OpenGL Renderer: AMD Radeon Graphics (radeonsi, renoir, ACO, DRM 3.64, 7.1.2-0-generic)
[18:57:13] [Render thread/INFO]: OpenGL Version: 4.6 (Core Profile) Mesa 26.0.8 (git-60e95b7878)
[18:57:13] [Render thread/INFO]: Created: 2048x1024x0 minecraft:textures/atlas/gui.png-atlas
[18:57:14] [Render thread/INFO]: Starting deferred startup resource reload for 16 listeners
[18:57:14] [Worker-Main-14/INFO]: Found unifont_all_no_pua-17.0.01.hex, loading
[18:57:14] [Worker-Main-13/INFO]: Found unifont_pua-17.0.01.hex, loading
[18:57:14] [Worker-Main-15/INFO]: Found unifont_jp_patch-17.0.01.hex, loading
[18:57:15] [Render thread/INFO]: OpenAL initialized on device Family 17h/19h/1ah HD Audio Controller Analog Stereo
[18:57:15] [Render thread/INFO]: Sound engine started
[18:57:15] [Render thread/INFO]: Created: 1024x512x0 minecraft:textures/atlas/particles.png-atlas
[18:57:15] [Render thread/INFO]: Created: 256x256x0 minecraft:textures/atlas/decorated_pot.png-atlas
[18:57:15] [Render thread/INFO]: Created: 4096x2048x0 minecraft:textures/atlas/armor_trims.png-atlas
[18:57:16] [Render thread/INFO]: Created: 1024x512x0 minecraft:textures/atlas/paintings.png-atlas
[18:57:16] [Render thread/INFO]: Created: 2048x1024x0 minecraft:textures/atlas/shield_patterns.png-atlas
[18:57:16] [Render thread/INFO]: Created: 4096x2048x4 minecraft:textures/atlas/blocks.png-atlas
[18:57:16] [Render thread/INFO]: Created: 1024x1024x0 minecraft:textures/atlas/chest.png-atlas
[18:57:16] [Render thread/INFO]: Created: 16384x8192x0 minecraft:textures/atlas/celestials.png-atlas
[18:57:16] [Render thread/INFO]: Created: 2048x1024x0 minecraft:textures/atlas/banner_patterns.png-atlas
[18:57:16] [Render thread/INFO]: Created: 512x512x0 minecraft:textures/atlas/beds.png-atlas
[18:57:16] [Render thread/INFO]: Created: 2048x1024x0 minecraft:textures/atlas/items.png-atlas
[18:57:16] [Render thread/INFO]: Created: 2048x1024x0 minecraft:textures/atlas/gui.png-atlas
[18:57:16] [Render thread/INFO]: Created: 256x128x0 minecraft:textures/atlas/map_decorations.png-atlas
[18:57:16] [Render thread/INFO]: Created: 1024x512x0 minecraft:textures/atlas/signs.png-atlas
[18:57:16] [Render thread/INFO]: Created: 1024x1024x0 minecraft:textures/atlas/shulker_boxes.png-atlas
[18:57:16] [Render thread/INFO]: Finished deferred startup resource reload
